<?xml version="1.0" encoding="UTF-8"?>
<!-- Generated by org.testng.reporters.JUnitReportReporter -->
<testsuite hostname="LAPTOP-M6IA45P3" failures="0" tests="1" name="third_package.first_class" time="0.001" errors="0" timestamp="2024-04-05T08:42:58 ICT" skipped="0">
  <testcase classname="third_package.first_class" name="first_method" time="0.001"/>
  <system-out/>
</testsuite> <!-- third_package.first_class -->
