<?xml version="1.0" encoding="UTF-8"?>
<!-- Generated by org.testng.reporters.JUnitReportReporter -->
<testsuite hostname="LAPTOP-M6IA45P3" failures="0" tests="1" name="Buoi19.AlertPopupiFrame.Handle_Iframe" time="11.941" errors="0" timestamp="2024-04-06T18:13:43 ICT" skipped="0">
  <testcase classname="Buoi19.AlertPopupiFrame.Handle_Iframe" name="IFrameDemo" time="11.941"/>
  <system-out/>
</testsuite> <!-- Buoi19.AlertPopupiFrame.Handle_Iframe -->
