<?xml version="1.0" encoding="UTF-8"?>
<!-- Generated by org.testng.reporters.JUnitReportReporter -->
<testsuite hostname="LAPTOP-M6IA45P3" failures="0" tests="1" name="Buoi15.first_package.first_class" time="0.011" errors="0" timestamp="2024-04-08T12:38:55 ICT" skipped="0">
  <testcase classname="Buoi15.first_package.first_class" name="first_method" time="0.011"/>
  <system-out/>
</testsuite> <!-- Buoi15.first_package.first_class -->
