<?xml version="1.0" encoding="UTF-8"?>
<!-- Generated by org.testng.reporters.JUnitReportReporter -->
<testsuite hostname="LAPTOP-M6IA45P3" failures="0" tests="1" name="Buoi19.AlertPopupiFrame.Handle_AlertPopupiFrame" time="3.899" errors="0" timestamp="2024-04-06T16:03:55 ICT" skipped="0">
  <testcase classname="Buoi19.AlertPopupiFrame.Handle_AlertPopupiFrame" name="Handle_Alert" time="3.899"/>
  <system-out/>
</testsuite> <!-- Buoi19.AlertPopupiFrame.Handle_AlertPopupiFrame -->
