<?xml version="1.0" encoding="UTF-8"?>
<!-- Generated by org.testng.reporters.JUnitReportReporter -->
<testsuite hostname="LAPTOP-M6IA45P3" failures="0" tests="3" name="Test_Setup_TestNG.Auto_TestNG" time="3.875" errors="0" timestamp="2024-04-04T22:02:51 ICT" skipped="0">
  <testcase classname="Test_Setup_TestNG.Auto_TestNG" name="Demo2" time="1.687"/>
  <system-out/>
  <testcase classname="Test_Setup_TestNG.Auto_TestNG" name="Demo1" time="1.132"/>
  <system-out/>
  <testcase classname="Test_Setup_TestNG.Auto_TestNG" name="Demo3" time="1.056"/>
  <system-out/>
</testsuite> <!-- Test_Setup_TestNG.Auto_TestNG -->
