<?xml version="1.0" encoding="UTF-8"?>
<!-- Generated by org.testng.reporters.JUnitReportReporter -->
<testsuite hostname="LAPTOP-M6IA45P3" failures="0" tests="1" name="exercise_testng.AddList" time="15.921" errors="0" timestamp="2024-04-05T12:02:14 ICT" skipped="0">
  <testcase classname="exercise_testng.AddList" name="Demo1" time="15.921"/>
  <system-out/>
</testsuite> <!-- exercise_testng.AddList -->
