<?xml version="1.0" encoding="UTF-8"?>
<!-- Generated by org.testng.reporters.JUnitReportReporter -->
<testsuite hostname="LAPTOP-M6IA45P3" failures="0" tests="2" name="second_package.first_class" time="0.003" errors="0" timestamp="2024-04-05T08:43:57 ICT" skipped="0">
  <testcase classname="second_package.first_class" name="first_method" time="0.001"/>
  <system-out/>
  <testcase classname="second_package.first_class" name="second_method" time="0.002"/>
  <system-out/>
</testsuite> <!-- second_package.first_class -->
