<?xml version="1.0" encoding="UTF-8"?>
<!-- Generated by org.testng.reporters.JUnitReportReporter -->
<testsuite hostname="LAPTOP-M6IA45P3" failures="0" tests="2" name="exercise_testng.Login" time="17.890" errors="0" timestamp="2024-04-05T18:31:24 ICT" skipped="0">
  <testcase classname="exercise_testng.Login" name="Demo1" time="6.885"/>
  <system-out/>
  <testcase classname="exercise_testng.Login" name="Demo2" time="11.005"/>
  <system-out/>
</testsuite> <!-- exercise_testng.Login -->
