<?xml version="1.0" encoding="UTF-8"?>
<!-- Generated by org.testng.reporters.JUnitReportReporter -->
<testsuite hostname="LAPTOP-M6IA45P3" failures="0" tests="1" name="Buoi19.AlertPopupiFrame.HandlePopup_Window" time="6.962" errors="0" timestamp="2024-04-06T16:35:15 ICT" skipped="0">
  <testcase classname="Buoi19.AlertPopupiFrame.HandlePopup_Window" name="PopupWindowdemo" time="6.962"/>
  <system-out/>
</testsuite> <!-- Buoi19.AlertPopupiFrame.HandlePopup_Window -->
