<?xml version="1.0" encoding="UTF-8"?>
<!-- Generated by org.testng.reporters.JUnitReportReporter -->
<testsuite hostname="LAPTOP-M6IA45P3" failures="0" tests="1" name="exercise_package.exercise_class" time="5.909" errors="0" timestamp="2024-04-05T09:06:50 ICT" skipped="0">
  <testcase classname="exercise_package.exercise_class" name="Demo1" time="5.909"/>
  <system-out/>
</testsuite> <!-- exercise_package.exercise_class -->
