<?xml version="1.0" encoding="UTF-8"?>
<!-- Generated by org.testng.reporters.JUnitReportReporter -->
<testsuite hostname="LAPTOP-M6IA45P3" failures="0" tests="1" name="Bai18.userInterac_Actions.ActionClass" time="6.549" errors="0" timestamp="2024-04-06T12:02:36 ICT" skipped="0">
  <testcase classname="Bai18.userInterac_Actions.ActionClass" name="dragAndDrop" time="6.549"/>
  <system-out/>
</testsuite> <!-- Bai18.userInterac_Actions.ActionClass -->
