<?xml version="1.0" encoding="UTF-8"?>
<!-- Generated by org.testng.reporters.JUnitReportReporter -->
<testsuite hostname="LAPTOP-M6IA45P3" failures="0" tests="3" name="first_package.secondclass" time="0.001" errors="0" timestamp="2024-04-04T21:51:32 ICT" skipped="0">
  <testcase classname="first_package.secondclass" name="secondMethod" time="0.000"/>
  <system-out/>
  <testcase classname="first_package.secondclass" name="thirdMethod" time="0.000"/>
  <system-out/>
  <testcase classname="first_package.secondclass" name="firstMethod" time="0.001"/>
  <system-out/>
</testsuite> <!-- first_package.secondclass -->
