<?xml version="1.0" encoding="UTF-8"?>
<!-- Generated by org.testng.reporters.JUnitReportReporter -->
<testsuite hostname="LAPTOP-M6IA45P3" failures="0" tests="1" name="Buoi18.userInterac_Actions.ActionClass" time="5.628" errors="0" timestamp="2024-04-06T12:09:38 ICT" skipped="0">
  <testcase classname="Buoi18.userInterac_Actions.ActionClass" name="dragAndDrop" time="5.628"/>
  <system-out/>
</testsuite> <!-- Buoi18.userInterac_Actions.ActionClass -->
