<?xml version="1.0" encoding="UTF-8"?>
<!-- Generated by org.testng.reporters.JUnitReportReporter -->
<testsuite hostname="LAPTOP-M6IA45P3" failures="0" tests="1" name="Test_Setup_TestNG.NewTest" time="0.003" errors="0" timestamp="2024-04-04T19:17:05 ICT" skipped="0">
  <testcase classname="Test_Setup_TestNG.NewTest" name="f" time="0.003"/>
  <system-out/>
</testsuite> <!-- Test_Setup_TestNG.NewTest -->
