<?xml version="1.0" encoding="UTF-8"?>
<!-- Generated by org.testng.reporters.JUnitReportReporter -->
<testsuite hostname="LAPTOP-M6IA45P3" failures="0" tests="1" name="first_package.first_class" time="0.008" errors="0" timestamp="2024-04-05T09:55:49 ICT" skipped="0">
  <testcase classname="first_package.first_class" name="first_method" time="0.008"/>
  <system-out/>
</testsuite> <!-- first_package.first_class -->
