<?xml version="1.0" encoding="UTF-8"?>
<!-- Generated by org.testng.reporters.JUnitReportReporter -->
<testsuite hostname="LAPTOP-M6IA45P3" failures="0" tests="2" name="first_package.second_class" time="0.000" errors="0" timestamp="2024-04-05T08:43:57 ICT" skipped="0">
  <testcase classname="first_package.second_class" name="first_method" time="0.000"/>
  <system-out/>
  <testcase classname="first_package.second_class" name="second_method" time="0.000"/>
  <system-out/>
</testsuite> <!-- first_package.second_class -->
