<?xml version="1.0" encoding="UTF-8"?>
<!-- Generated by org.testng.reporters.JUnitReportReporter -->
<testsuite hostname="LAPTOP-M6IA45P3" failures="0" tests="1" name="Buoi21.Wait.Handle_Explicit_Wait" time="1.991" errors="0" timestamp="2024-04-07T21:56:46 ICT" skipped="0">
  <testcase classname="Buoi21.Wait.Handle_Explicit_Wait" name="ExplicitWaitDemo" time="1.991"/>
  <system-out/>
</testsuite> <!-- Buoi21.Wait.Handle_Explicit_Wait -->
