<?xml version="1.0" encoding="UTF-8"?>
<!-- Generated by org.testng.reporters.JUnitReportReporter -->
<testsuite hostname="LAPTOP-M6IA45P3" failures="0" tests="1" name="Buoi18.userInterac_Actions.RobotClass" time="2.163" errors="0" timestamp="2024-04-06T12:22:31 ICT" skipped="0">
  <testcase classname="Buoi18.userInterac_Actions.RobotClass" name="testRobot" time="2.163"/>
  <system-out/>
</testsuite> <!-- Buoi18.userInterac_Actions.RobotClass -->
