<?xml version="1.0" encoding="UTF-8"?>
<!-- Generated by org.testng.reporters.JUnitReportReporter -->
<testsuite hostname="LAPTOP-M6IA45P3" failures="0" tests="1" name="Buoi21.Wait.Handle_Fluent_Wait" time="3.222" errors="0" timestamp="2024-04-08T11:47:42 ICT" skipped="0">
  <testcase classname="Buoi21.Wait.Handle_Fluent_Wait" name="FluentWaitDemo" time="3.222"/>
  <system-out/>
</testsuite> <!-- Buoi21.Wait.Handle_Fluent_Wait -->
